DEBUG:flwr:Pre-registering run with id 15606752530299446907
DEBUG:flwr:Using InMemoryState
DEBUG:flwr:Using InMemoryState
DEBUG:flwr:Using InMemoryState
DEBUG:flwr:Registered 10 nodes
DEBUG:flwr:Supported backends: ['ray']
DEBUG:flwr:Initialising: RayBackend
DEBUG:flwr:Backend config: {'client_resources': {'num_cpus': 1, 'num_gpus': 0.0}, 'init_args': {'logging_level': 30, 'log_to_driver': True}, 'actor': {'tensorflow': 0}}
INFO:flwr:Starting Flower ServerApp, config: num_rounds=10, no round_timeout
INFO:flwr:
INFO:flwr:[INIT]
INFO:flwr:Using initial global parameters provided by strategy
INFO:flwr:Starting evaluation of initial global parameters
INFO:flwr:Evaluation returned no results (`None`)
INFO:flwr:
INFO:flwr:[ROUND 1]
INFO:flwr:configure_fit: strategy sampled 5 clients (out of 10)
DEBUG:flwr:Constructed ActorPool with: 16 actors
DEBUG:flwr:Using InMemoryState
INFO:flwr:aggregate_fit: received 5 results and 0 failures
ERROR:flwr:An exception was raised when processing a message by RayBackend
ERROR:flwr:The actor died unexpectedly before finishing this task.
	class_name: ClientAppActor
	actor_id: ed4197811576846815289ac001000000
	pid: 7740
	namespace: 45b468b2-39ab-4670-a3e7-a83685f4c76f
	ip: 127.0.0.1
The actor is dead because its worker process has died. Worker exit type: SYSTEM_ERROR Worker exit detail: Worker unexpectedly exits with a connection error code 10054. An existing connection was forcibly closed by the remote host. There are some potential root causes. (1) The process is killed by SIGKILL by OOM killer due to high memory usage. (2) ray stop --force is called. (3) The worker is crashed unexpectedly due to SIGSEGV or other unexpected errors.
ERROR:flwr:Traceback (most recent call last):
  File "D:\work\BTP\venv\Lib\site-packages\flwr\server\superlink\fleet\vce\vce_api.py", line 112, in worker
    out_mssg, updated_context = backend.process_message(message, context)
                                ^^^^^^^^^^^^^^^^^^^^^^^^^^^^^^^^^^^^^^^^^
  File "D:\work\BTP\venv\Lib\site-packages\flwr\server\superlink\fleet\vce\backend\raybackend.py", line 187, in process_message
    raise ex
  File "D:\work\BTP\venv\Lib\site-packages\flwr\server\superlink\fleet\vce\backend\raybackend.py", line 175, in process_message
    ) = self.pool.fetch_result_and_return_actor_to_pool(future)
        ^^^^^^^^^^^^^^^^^^^^^^^^^^^^^^^^^^^^^^^^^^^^^^^^^^^^^^^
  File "D:\work\BTP\venv\Lib\site-packages\flwr\simulation\ray_transport\ray_actor.py", line 478, in fetch_result_and_return_actor_to_pool
    _, out_mssg, updated_context = ray.get(future)
                                   ^^^^^^^^^^^^^^^
  File "D:\work\BTP\venv\Lib\site-packages\ray\_private\auto_init_hook.py", line 21, in auto_init_wrapper
    return fn(*args, **kwargs)
           ^^^^^^^^^^^^^^^^^^^
  File "D:\work\BTP\venv\Lib\site-packages\ray\_private\client_mode_hook.py", line 103, in wrapper
    return func(*args, **kwargs)
           ^^^^^^^^^^^^^^^^^^^^^
  File "D:\work\BTP\venv\Lib\site-packages\ray\_private\worker.py", line 2667, in get
    values, debugger_breakpoint = worker.get_objects(object_refs, timeout=timeout)
                                  ^^^^^^^^^^^^^^^^^^^^^^^^^^^^^^^^^^^^^^^^^^^^^^^^
  File "D:\work\BTP\venv\Lib\site-packages\ray\_private\worker.py", line 866, in get_objects
    raise value
ray.exceptions.RayActorError: The actor died unexpectedly before finishing this task.
	class_name: ClientAppActor
	actor_id: ed4197811576846815289ac001000000
	pid: 7740
	namespace: 45b468b2-39ab-4670-a3e7-a83685f4c76f
	ip: 127.0.0.1
The actor is dead because its worker process has died. Worker exit type: SYSTEM_ERROR Worker exit detail: Worker unexpectedly exits with a connection error code 10054. An existing connection was forcibly closed by the remote host. There are some potential root causes. (1) The process is killed by SIGKILL by OOM killer due to high memory usage. (2) ray stop --force is called. (3) The worker is crashed unexpectedly due to SIGSEGV or other unexpected errors.

DEBUG:flwr:Pre-registering run with id 5639708219919967683
DEBUG:flwr:Using InMemoryState
DEBUG:flwr:Using InMemoryState
DEBUG:flwr:Using InMemoryState
DEBUG:flwr:Registered 10 nodes
DEBUG:flwr:Supported backends: ['ray']
DEBUG:flwr:Initialising: RayBackend
DEBUG:flwr:Backend config: {'client_resources': {'num_cpus': 1, 'num_gpus': 0.0}, 'init_args': {'logging_level': 30, 'log_to_driver': True}, 'actor': {'tensorflow': 0}}
INFO:flwr:Starting Flower ServerApp, config: num_rounds=10, no round_timeout
INFO:flwr:
INFO:flwr:[INIT]
INFO:flwr:Using initial global parameters provided by strategy
INFO:flwr:Starting evaluation of initial global parameters
INFO:flwr:Evaluation returned no results (`None`)
INFO:flwr:
INFO:flwr:[ROUND 1]
INFO:flwr:configure_fit: strategy sampled 5 clients (out of 10)
DEBUG:flwr:Constructed ActorPool with: 16 actors
DEBUG:flwr:Using InMemoryState
INFO:flwr:aggregate_fit: received 5 results and 0 failures
INFO:flwr:configure_evaluate: strategy sampled 10 clients (out of 10)
ERROR:flwr:An exception was raised when processing a message by RayBackend
ERROR:flwr:The actor died unexpectedly before finishing this task.
	class_name: ClientAppActor
	actor_id: fd0115d5b1c73dc8b52bbed301000000
	pid: 15636
	namespace: fff74893-327c-44fa-afdd-43f6d72412d8
	ip: 127.0.0.1
The actor is dead because its worker process has died. Worker exit type: SYSTEM_ERROR Worker exit detail: Worker unexpectedly exits with a connection error code 10054. An existing connection was forcibly closed by the remote host. There are some potential root causes. (1) The process is killed by SIGKILL by OOM killer due to high memory usage. (2) ray stop --force is called. (3) The worker is crashed unexpectedly due to SIGSEGV or other unexpected errors.
ERROR:flwr:Traceback (most recent call last):
  File "D:\work\BTP\venv\Lib\site-packages\flwr\server\superlink\fleet\vce\vce_api.py", line 112, in worker
    out_mssg, updated_context = backend.process_message(message, context)
                                ^^^^^^^^^^^^^^^^^^^^^^^^^^^^^^^^^^^^^^^^^
  File "D:\work\BTP\venv\Lib\site-packages\flwr\server\superlink\fleet\vce\backend\raybackend.py", line 187, in process_message
    raise ex
  File "D:\work\BTP\venv\Lib\site-packages\flwr\server\superlink\fleet\vce\backend\raybackend.py", line 175, in process_message
    ) = self.pool.fetch_result_and_return_actor_to_pool(future)
        ^^^^^^^^^^^^^^^^^^^^^^^^^^^^^^^^^^^^^^^^^^^^^^^^^^^^^^^
  File "D:\work\BTP\venv\Lib\site-packages\flwr\simulation\ray_transport\ray_actor.py", line 478, in fetch_result_and_return_actor_to_pool
    _, out_mssg, updated_context = ray.get(future)
                                   ^^^^^^^^^^^^^^^
  File "D:\work\BTP\venv\Lib\site-packages\ray\_private\auto_init_hook.py", line 21, in auto_init_wrapper
    return fn(*args, **kwargs)
           ^^^^^^^^^^^^^^^^^^^
  File "D:\work\BTP\venv\Lib\site-packages\ray\_private\client_mode_hook.py", line 103, in wrapper
    return func(*args, **kwargs)
           ^^^^^^^^^^^^^^^^^^^^^
  File "D:\work\BTP\venv\Lib\site-packages\ray\_private\worker.py", line 2667, in get
    values, debugger_breakpoint = worker.get_objects(object_refs, timeout=timeout)
                                  ^^^^^^^^^^^^^^^^^^^^^^^^^^^^^^^^^^^^^^^^^^^^^^^^
  File "D:\work\BTP\venv\Lib\site-packages\ray\_private\worker.py", line 866, in get_objects
    raise value
ray.exceptions.RayActorError: The actor died unexpectedly before finishing this task.
	class_name: ClientAppActor
	actor_id: fd0115d5b1c73dc8b52bbed301000000
	pid: 15636
	namespace: fff74893-327c-44fa-afdd-43f6d72412d8
	ip: 127.0.0.1
The actor is dead because its worker process has died. Worker exit type: SYSTEM_ERROR Worker exit detail: Worker unexpectedly exits with a connection error code 10054. An existing connection was forcibly closed by the remote host. There are some potential root causes. (1) The process is killed by SIGKILL by OOM killer due to high memory usage. (2) ray stop --force is called. (3) The worker is crashed unexpectedly due to SIGSEGV or other unexpected errors.

INFO:flwr:aggregate_evaluate: received 9 results and 1 failures
